Сборка начата 22.11.2023 01:17:14.
Уровень детализации журнала: Normal.     1>Проект "C:\University\ВРПО\Лабораторные работы\Лабораторная работа-3\Lab_03\Lab_03\Lab_03.vcxproj" в узле 2 (целевые объекты Build).
     1>InitializeBuildStatus:
         Создание "x64\Debug\Lab_03.tlog\unsuccessfulbuild", так как было задано "AlwaysCreate".
         Обращение к "x64\Debug\Lab_03.tlog\unsuccessfulbuild".
       ClCompile:
         C:\Program Files\Microsoft Visual Studio\2022\Community\VC\Tools\MSVC\14.37.32822\bin\HostX64\x64\CL.exe /c /ZI /JMC /nologo /W3 /WX- /diagnostics:column /sdl /Od /D _DEBUG /D _CONSOLE /D _UNICODE /D UNICODE /Gm- /EHsc /RTC1 /MDd /GS /fp:precise /Zc:wchar_t /Zc:forScope /Zc:inline /permissive- /Fo"x64\Debug\\" /Fd"x64\Debug\vc143.pdb" /external:W3 /Gd /TP /FC /errorReport:prompt main.cpp
         main.cpp
     1>C:\University\ВРПО\Лабораторные работы\Лабораторная работа-3\Lab_03\Lab_03\main.cpp(17,10): warning C4101: code: неиспользованная локальная переменная
       Link:
         C:\Program Files\Microsoft Visual Studio\2022\Community\VC\Tools\MSVC\14.37.32822\bin\HostX64\x64\link.exe /ERRORREPORT:PROMPT /OUT:"C:\University\ВРПО\Лабораторные работы\Лабораторная работа-3\Lab_03\x64\Debug\Lab_03.exe" /INCREMENTAL /ILK:"x64\Debug\Lab_03.ilk" /NOLOGO kernel32.lib user32.lib gdi32.lib winspool.lib comdlg32.lib advapi32.lib shell32.lib ole32.lib oleaut32.lib uuid.lib odbc32.lib odbccp32.lib /MANIFEST /MANIFESTUAC:"level='asInvoker' uiAccess='false'" /manifest:embed /DEBUG /PDB:"C:\University\ВРПО\Лабораторные работы\Лабораторная работа-3\Lab_03\x64\Debug\Lab_03.pdb" /SUBSYSTEM:CONSOLE /TLBID:1 /DYNAMICBASE /NXCOMPAT /IMPLIB:"C:\University\ВРПО\Лабораторные работы\Лабораторная работа-3\Lab_03\x64\Debug\Lab_03.lib" /MACHINE:X64 x64\Debug\main.obj
         Lab_03.vcxproj -> C:\University\ВРПО\Лабораторные работы\Лабораторная работа-3\Lab_03\x64\Debug\Lab_03.exe
       FinalizeBuildStatus:
         Файл "x64\Debug\Lab_03.tlog\unsuccessfulbuild" удаляется.
         Обращение к "x64\Debug\Lab_03.tlog\Lab_03.lastbuildstate".
     1>Сборка проекта "C:\University\ВРПО\Лабораторные работы\Лабораторная работа-3\Lab_03\Lab_03\Lab_03.vcxproj" завершена (целевые объекты Build).

Сборка успешно завершена.

       "C:\University\ВРПО\Лабораторные работы\Лабораторная работа-3\Lab_03\Lab_03\Lab_03.vcxproj" (целевой объект Build ) (1) ->
       (Целевой объект ClCompile) -> 
         C:\University\ВРПО\Лабораторные работы\Лабораторная работа-3\Lab_03\Lab_03\main.cpp(17,10): warning C4101: code: неиспользованная локальная переменная

    Предупреждений: 1
    Ошибок: 0

Прошло времени 00:00:01.76
