Сборка начата 23.11.2023 21:29:36.
Уровень детализации журнала: Normal.     1>Проект "C:\University\ОАиП\Рефераты\реферат 2\Number\Number\Number.vcxproj" в узле 2 (целевые объекты Build).
     1>InitializeBuildStatus:
         Создание "x64\Debug\Number.tlog\unsuccessfulbuild", так как было задано "AlwaysCreate".
         Обращение к "x64\Debug\Number.tlog\unsuccessfulbuild".
       ClCompile:
         C:\Program Files\Microsoft Visual Studio\2022\Community\VC\Tools\MSVC\14.37.32822\bin\HostX64\x64\CL.exe /c /ZI /JMC /nologo /W3 /WX- /diagnostics:column /sdl /Od /D _DEBUG /D _CONSOLE /D _UNICODE /D UNICODE /Gm- /EHsc /RTC1 /MDd /GS /fp:precise /Zc:wchar_t /Zc:forScope /Zc:inline /permissive- /Fo"x64\Debug\\" /Fd"x64\Debug\vc143.pdb" /external:W3 /Gd /TP /FC /errorReport:prompt main.cpp
         main.cpp
     1>C:\University\ОАиП\Рефераты\реферат 2\Number\Number\main.cpp(7,15): warning C4244: аргумент: преобразование "time_t" в "unsigned int", возможна потеря данных
       Link:
         C:\Program Files\Microsoft Visual Studio\2022\Community\VC\Tools\MSVC\14.37.32822\bin\HostX64\x64\link.exe /ERRORREPORT:PROMPT /OUT:"C:\University\ОАиП\Рефераты\реферат 2\Number\x64\Debug\Number.exe" /INCREMENTAL /ILK:"x64\Debug\Number.ilk" /NOLOGO kernel32.lib user32.lib gdi32.lib winspool.lib comdlg32.lib advapi32.lib shell32.lib ole32.lib oleaut32.lib uuid.lib odbc32.lib odbccp32.lib /MANIFEST /MANIFESTUAC:"level='asInvoker' uiAccess='false'" /manifest:embed /DEBUG /PDB:"C:\University\ОАиП\Рефераты\реферат 2\Number\x64\Debug\Number.pdb" /SUBSYSTEM:CONSOLE /TLBID:1 /DYNAMICBASE /NXCOMPAT /IMPLIB:"C:\University\ОАиП\Рефераты\реферат 2\Number\x64\Debug\Number.lib" /MACHINE:X64 x64\Debug\main.obj
         Number.vcxproj -> C:\University\ОАиП\Рефераты\реферат 2\Number\x64\Debug\Number.exe
       FinalizeBuildStatus:
         Файл "x64\Debug\Number.tlog\unsuccessfulbuild" удаляется.
         Обращение к "x64\Debug\Number.tlog\Number.lastbuildstate".
     1>Сборка проекта "C:\University\ОАиП\Рефераты\реферат 2\Number\Number\Number.vcxproj" завершена (целевые объекты Build).

Сборка успешно завершена.

       "C:\University\ОАиП\Рефераты\реферат 2\Number\Number\Number.vcxproj" (целевой объект Build ) (1) ->
       (Целевой объект ClCompile) -> 
         C:\University\ОАиП\Рефераты\реферат 2\Number\Number\main.cpp(7,15): warning C4244: аргумент: преобразование "time_t" в "unsigned int", возможна потеря данных

    Предупреждений: 1
    Ошибок: 0

Прошло времени 00:00:01.26
