Сборка начата 18.10.2023 11:52:11.
Уровень детализации журнала: Normal.     1>Проект "C:\University\ВРПО\Лабораторные работы\Лабораторная работа-1\HelloWorld\Lab_02\Lab_02.vcxproj" в узле 2 (целевые объекты Rebuild).
     1>_PrepareForClean:
         Файл "x64\Release\Lab_02.tlog\Lab_02.lastbuildstate" удаляется.
       InitializeBuildStatus:
         Обращение к "x64\Release\Lab_02.tlog\unsuccessfulbuild".
       ClCompile:
         C:\Program Files\Microsoft Visual Studio\2022\Community\VC\Tools\MSVC\14.37.32822\bin\HostX64\x64\CL.exe /c /Zi /nologo /W3 /WX- /diagnostics:column /sdl /O2 /Oi /GL /D NDEBUG /D _CONSOLE /D _UNICODE /D UNICODE /Gm- /EHsc /MD /GS /Gy /fp:precise /Zc:wchar_t /Zc:forScope /Zc:inline /permissive- /Fo"x64\Release\\" /Fd"x64\Release\vc143.pdb" /external:W3 /Gd /TP /FC /errorReport:prompt lab02.cpp
         lab02.cpp
       Link:
         C:\Program Files\Microsoft Visual Studio\2022\Community\VC\Tools\MSVC\14.37.32822\bin\HostX64\x64\link.exe /ERRORREPORT:PROMPT /OUT:"C:\University\ВРПО\Лабораторные работы\Лабораторная работа-1\HelloWorld\x64\Release\Lab_02.exe" /NOLOGO kernel32.lib user32.lib gdi32.lib winspool.lib comdlg32.lib advapi32.lib shell32.lib ole32.lib oleaut32.lib uuid.lib odbc32.lib odbccp32.lib /MANIFEST /MANIFESTUAC:"level='asInvoker' uiAccess='false'" /manifest:embed /DEBUG /PDB:"C:\University\ВРПО\Лабораторные работы\Лабораторная работа-1\HelloWorld\x64\Release\Lab_02.pdb" /SUBSYSTEM:CONSOLE /OPT:REF /OPT:ICF /LTCG:incremental /LTCGOUT:"x64\Release\Lab_02.iobj" /TLBID:1 /DYNAMICBASE /NXCOMPAT /IMPLIB:"C:\University\ВРПО\Лабораторные работы\Лабораторная работа-1\HelloWorld\x64\Release\Lab_02.lib" /MACHINE:X64 x64\Release\lab02.obj
         Создание кода
         Previous IPDB not found, fall back to full compilation.
         All 11 functions were compiled because no usable IPDB/IOBJ from previous compilation was found.
         Создание кода завершено
         Lab_02.vcxproj -> C:\University\ВРПО\Лабораторные работы\Лабораторная работа-1\HelloWorld\x64\Release\Lab_02.exe
       FinalizeBuildStatus:
         Файл "x64\Release\Lab_02.tlog\unsuccessfulbuild" удаляется.
         Обращение к "x64\Release\Lab_02.tlog\Lab_02.lastbuildstate".
     1>Сборка проекта "C:\University\ВРПО\Лабораторные работы\Лабораторная работа-1\HelloWorld\Lab_02\Lab_02.vcxproj" завершена (целевые объекты Rebuild).

Сборка успешно завершена.
    Предупреждений: 0
    Ошибок: 0

Прошло времени 00:00:00.71
