Сборка начата 28.02.2024 22:11:49.
Уровень детализации журнала: Normal.     1>Проект "C:\University\ОАиП\Лабораторные работы\2 семестр\Лабораторная работа-5\Ber-3.1\Ber-3.1\Ber-3.1.vcxproj" в узле 2 (целевые объекты Build).
     1>InitializeBuildStatus:
         Обращение к "x64\Debug\Ber-3.1.tlog\unsuccessfulbuild".
       ClCompile:
         C:\Program Files\Microsoft Visual Studio\2022\Community\VC\Tools\MSVC\14.37.32822\bin\HostX64\x64\CL.exe /c /ZI /JMC /nologo /W3 /WX- /diagnostics:column /sdl /Od /D _DEBUG /D _CONSOLE /D _UNICODE /D UNICODE /Gm- /EHsc /RTC1 /MDd /GS /fp:precise /Zc:wchar_t /Zc:forScope /Zc:inline /permissive- /Fo"x64\Debug\\" /Fd"x64\Debug\vc143.pdb" /external:W3 /Gd /TP /FC /errorReport:prompt main.cpp
         main.cpp
     1>C:\University\ОАиП\Лабораторные работы\2 семестр\Лабораторная работа-5\Ber-3.1\Ber-3.1\main.cpp(28,1): warning C4624: "Dan": деструктор неявно определен как удаленный
     1>C:\University\ОАиП\Лабораторные работы\2 семестр\Лабораторная работа-5\Ber-3.1\Ber-3.1\main.cpp(28,3): error C2280: "Dan::Dan(void)": предпринята попытка ссылки на удаленную функцию
       C:\University\ОАиП\Лабораторные работы\2 семестр\Лабораторная работа-5\Ber-3.1\Ber-3.1\main.cpp(28,1): message : в этом месте создано компилятором: "Dan::Dan"
       C:\University\ОАиП\Лабораторные работы\2 семестр\Лабораторная работа-5\Ber-3.1\Ber-3.1\main.cpp(28,1): message : "Dan::Dan(void)": функция неявно удалена, так как в "Dan" содержится вариант элемента данных "Dan::name" с нетривиальным конструктор по умолчанию.
       C:\University\ОАиП\Лабораторные работы\2 семестр\Лабораторная работа-5\Ber-3.1\Ber-3.1\main.cpp(24,12): message : см. объявление "Dan::name"
     1>Сборка проекта "C:\University\ОАиП\Лабораторные работы\2 семестр\Лабораторная работа-5\Ber-3.1\Ber-3.1\Ber-3.1.vcxproj" завершена (целевые объекты Build) с ошибкой.

Ошибка сборки.

       "C:\University\ОАиП\Лабораторные работы\2 семестр\Лабораторная работа-5\Ber-3.1\Ber-3.1\Ber-3.1.vcxproj" (целевой объект Build ) (1) ->
       (Целевой объект ClCompile) -> 
         C:\University\ОАиП\Лабораторные работы\2 семестр\Лабораторная работа-5\Ber-3.1\Ber-3.1\main.cpp(28,1): warning C4624: "Dan": деструктор неявно определен как удаленный


       "C:\University\ОАиП\Лабораторные работы\2 семестр\Лабораторная работа-5\Ber-3.1\Ber-3.1\Ber-3.1.vcxproj" (целевой объект Build ) (1) ->
       (Целевой объект ClCompile) -> 
         C:\University\ОАиП\Лабораторные работы\2 семестр\Лабораторная работа-5\Ber-3.1\Ber-3.1\main.cpp(28,3): error C2280: "Dan::Dan(void)": предпринята попытка ссылки на удаленную функцию

    Предупреждений: 1
    Ошибок: 1

Прошло времени 00:00:00.54
