Сборка начата 14.10.2023 09:47:18.
Уровень детализации журнала: Normal.     1>Проект "C:\University\ОАиП\Лабораторные работы\Лабораторная работа-7\Ber-2-2\Ber-2-2\Ber-2-2.vcxproj" в узле 2 (целевые объекты Build).
     1>InitializeBuildStatus:
         Создание "x64\Release\Ber-2-2.tlog\unsuccessfulbuild", так как было задано "AlwaysCreate".
         Обращение к "x64\Release\Ber-2-2.tlog\unsuccessfulbuild".
       ClCompile:
         C:\Program Files\Microsoft Visual Studio\2022\Community\VC\Tools\MSVC\14.37.32822\bin\HostX64\x64\CL.exe /c /Zi /nologo /W3 /WX- /diagnostics:column /sdl /O2 /Oi /GL /D NDEBUG /D _CONSOLE /D _UNICODE /D UNICODE /Gm- /EHsc /MD /GS /Gy /fp:precise /Zc:wchar_t /Zc:forScope /Zc:inline /permissive- /Fo"x64\Release\\" /Fd"x64\Release\vc143.pdb" /external:W3 /Gd /TP /FC /errorReport:prompt main.cpp
         main.cpp
       Link:
         C:\Program Files\Microsoft Visual Studio\2022\Community\VC\Tools\MSVC\14.37.32822\bin\HostX64\x64\link.exe /ERRORREPORT:PROMPT /OUT:"C:\University\ОАиП\Лабораторные работы\Лабораторная работа-7\Ber-2-2\x64\Release\Ber-2-2.exe" /NOLOGO kernel32.lib user32.lib gdi32.lib winspool.lib comdlg32.lib advapi32.lib shell32.lib ole32.lib oleaut32.lib uuid.lib odbc32.lib odbccp32.lib /MANIFEST /MANIFESTUAC:"level='asInvoker' uiAccess='false'" /manifest:embed /DEBUG /PDB:"C:\University\ОАиП\Лабораторные работы\Лабораторная работа-7\Ber-2-2\x64\Release\Ber-2-2.pdb" /SUBSYSTEM:CONSOLE /OPT:REF /OPT:ICF /LTCG:incremental /LTCGOUT:"x64\Release\Ber-2-2.iobj" /TLBID:1 /DYNAMICBASE /NXCOMPAT /IMPLIB:"C:\University\ОАиП\Лабораторные работы\Лабораторная работа-7\Ber-2-2\x64\Release\Ber-2-2.lib" /MACHINE:X64 x64\Release\main.obj
         Создание кода
         7 of 11 functions (63.6%) were compiled, the rest were copied from previous compilation.
           0 functions were new in current compilation
           1 functions had inline decision re-evaluated but remain unchanged
         Создание кода завершено
         Ber-2-2.vcxproj -> C:\University\ОАиП\Лабораторные работы\Лабораторная работа-7\Ber-2-2\x64\Release\Ber-2-2.exe
       FinalizeBuildStatus:
         Файл "x64\Release\Ber-2-2.tlog\unsuccessfulbuild" удаляется.
         Обращение к "x64\Release\Ber-2-2.tlog\Ber-2-2.lastbuildstate".
     1>Сборка проекта "C:\University\ОАиП\Лабораторные работы\Лабораторная работа-7\Ber-2-2\Ber-2-2\Ber-2-2.vcxproj" завершена (целевые объекты Build).

Сборка успешно завершена.
    Предупреждений: 0
    Ошибок: 0

Прошло времени 00:00:00.99
