Сборка начата 31.03.2024 21:34:09.
Уровень детализации журнала: Normal.     1>Проект "C:\University\ОАиП\Лабораторные работы\2 семестр\Лабораторная работа-10\Ber-4\Ber-4\Ber-4.vcxproj" в узле 2 (целевые объекты Build).
     1>InitializeBuildStatus:
         Обращение к "x64\Debug\Ber-4.tlog\unsuccessfulbuild".
       ClCompile:
         C:\Program Files\Microsoft Visual Studio\2022\Community\VC\Tools\MSVC\14.37.32822\bin\HostX64\x64\CL.exe /c /ZI /JMC /nologo /W3 /WX- /diagnostics:column /sdl /Od /D _DEBUG /D _CONSOLE /D _UNICODE /D UNICODE /Gm- /EHsc /RTC1 /MDd /GS /fp:precise /Zc:wchar_t /Zc:forScope /Zc:inline /permissive- /Fo"x64\Debug\\" /Fd"x64\Debug\vc143.pdb" /external:W3 /Gd /TP /FC /errorReport:prompt main.cpp
         main.cpp
     1>C:\University\ОАиП\Лабораторные работы\2 семестр\Лабораторная работа-10\Ber-4\Ber-4\main.cpp(11,24): warning C4244: return: преобразование "double" в "int", возможна потеря данных
       Link:
         C:\Program Files\Microsoft Visual Studio\2022\Community\VC\Tools\MSVC\14.37.32822\bin\HostX64\x64\link.exe /ERRORREPORT:PROMPT /OUT:"C:\University\ОАиП\Лабораторные работы\2 семестр\Лабораторная работа-10\Ber-4\x64\Debug\Ber-4.exe" /INCREMENTAL /ILK:"x64\Debug\Ber-4.ilk" /NOLOGO kernel32.lib user32.lib gdi32.lib winspool.lib comdlg32.lib advapi32.lib shell32.lib ole32.lib oleaut32.lib uuid.lib odbc32.lib odbccp32.lib /MANIFEST /MANIFESTUAC:"level='asInvoker' uiAccess='false'" /manifest:embed /DEBUG /PDB:"C:\University\ОАиП\Лабораторные работы\2 семестр\Лабораторная работа-10\Ber-4\x64\Debug\Ber-4.pdb" /SUBSYSTEM:CONSOLE /TLBID:1 /DYNAMICBASE /NXCOMPAT /IMPLIB:"C:\University\ОАиП\Лабораторные работы\2 семестр\Лабораторная работа-10\Ber-4\x64\Debug\Ber-4.lib" /MACHINE:X64 x64\Debug\main.obj
         Ber-4.vcxproj -> C:\University\ОАиП\Лабораторные работы\2 семестр\Лабораторная работа-10\Ber-4\x64\Debug\Ber-4.exe
       FinalizeBuildStatus:
         Файл "x64\Debug\Ber-4.tlog\unsuccessfulbuild" удаляется.
         Обращение к "x64\Debug\Ber-4.tlog\Ber-4.lastbuildstate".
     1>Сборка проекта "C:\University\ОАиП\Лабораторные работы\2 семестр\Лабораторная работа-10\Ber-4\Ber-4\Ber-4.vcxproj" завершена (целевые объекты Build).

Сборка успешно завершена.

       "C:\University\ОАиП\Лабораторные работы\2 семестр\Лабораторная работа-10\Ber-4\Ber-4\Ber-4.vcxproj" (целевой объект Build ) (1) ->
       (Целевой объект ClCompile) -> 
         C:\University\ОАиП\Лабораторные работы\2 семестр\Лабораторная работа-10\Ber-4\Ber-4\main.cpp(11,24): warning C4244: return: преобразование "double" в "int", возможна потеря данных

    Предупреждений: 1
    Ошибок: 0

Прошло времени 00:00:00.53
